<?xml version="1.0" encoding="UTF-8"?>
<!-- Generated by org.testng.reporters.JUnitReportReporter -->
<testsuite hostname="DESKTOP-9JCE1NT" failures="0" tests="2" name="MyTestCases" time="9.887" errors="0" timestamp="2023-04-16T02:31:11 EEST" skipped="0">
  <testcase classname="MyTestCases" name="signUp" time="4.853"/>
  <system-out/>
  <testcase classname="MyTestCases" name="signIn" time="5.034"/>
  <system-out/>
</testsuite> <!-- MyTestCases -->
